<?xml version="1.0" encoding="UTF-8"?>
<!-- Generated by org.testng.reporters.JUnitXMLReporter -->
<testsuite ignored="0" hostname="LAPTOP-5O3BHJ12" failures="0" tests="7" name="Test" time="17.014" errors="0" timestamp="2022-11-05T10:11:52 IST">
  <testcase classname="crudOperations.PutWithTdd" name="PutWithBdd" time="11.582"/>
  <testcase classname="crudOperations.GetWithEmailOtpTdd" name="GetWithEmailOtpBdd" time="0.052"/>
  <testcase classname="crudOperations.GetWithTdd" name="getIdwithbdd" time="0.074"/>
  <testcase classname="crudOperations.GetWithEmailTdd" name="GetWithEmailBdd" time="0.084"/>
  <testcase classname="crudOperations.DeleteWithTdd" name="DeleteWithBdd" time="0.046"/>
  <testcase classname="crudOperations.GetWithEmailPasswordTdd" name="GetWithEmailPasswordBdd" time="0.083"/>
  <testcase classname="crudOperations.PostwithTdd" name="postwithTDD" time="4.957"/>
</testsuite> <!-- Test -->
